<?xml version="1.0" encoding="UTF-8"?>
<!-- Generated by org.testng.reporters.JUnitReportReporter -->
<testsuite hostname="DESKTOP-FCLNE8N" failures="0" tests="5" name="TestNgPractice.DataproviderfromdifferentclassTest" time="0.016" errors="0" timestamp="2023-08-04T15:00:08 IST" skipped="0">
  <testcase classname="TestNgPractice.DataproviderfromdifferentclassTest" name="getData1" time="0.001"/>
  <system-out/>
  <testcase classname="TestNgPractice.DataproviderfromdifferentclassTest" name="getData1" time="0.001"/>
  <system-out/>
  <testcase classname="TestNgPractice.DataproviderfromdifferentclassTest" name="getData" time="0.002"/>
  <system-out/>
  <testcase classname="TestNgPractice.DataproviderfromdifferentclassTest" name="getData" time="0.011"/>
  <system-out/>
  <testcase classname="TestNgPractice.DataproviderfromdifferentclassTest" name="getData1" time="0.001"/>
  <system-out/>
</testsuite> <!-- TestNgPractice.DataproviderfromdifferentclassTest -->
