<?xml version="1.0" encoding="UTF-8"?>
<!-- Generated by org.testng.reporters.JUnitReportReporter -->
<testsuite skipped="0" hostname="DESKTOP-FCLNE8N" name="XpathPractice.FacebookloginTest" tests="1" failures="0" timestamp="2023-07-28T18:03:06 IST" time="5.223" errors="0">
  <testcase name="facebook" time="5.223" classname="XpathPractice.FacebookloginTest"/>
  <system-out/>
</testsuite> <!-- XpathPractice.FacebookloginTest -->
